0 info it worked if it ends with ok
1 verbose cli [ '/usr/bin/node', '/usr/bin/npm', 'install' ]
2 info using npm@1.4.28
3 info using node@v0.10.37
4 verbose node symlink /usr/bin/node
5 warn package.json apptreino@1.0.0 No repository field.
6 warn package.json apptreino@1.0.0 No README data
7 verbose readDependencies using package.json deps
8 verbose install where, deps [ '/home/marcello/Documents/Projetos/first/apptreino',
8 verbose install   [ 'gulp',
8 verbose install     'gulp-sass',
8 verbose install     'gulp-concat',
8 verbose install     'gulp-minify-css',
8 verbose install     'gulp-rename',
8 verbose install     'q',
8 verbose install     'bower',
8 verbose install     'gulp-util',
8 verbose install     'shelljs' ] ]
9 info preinstall apptreino@1.0.0
10 verbose readDependencies using package.json deps
11 verbose cache add [ 'gulp@^3.5.6', null ]
12 verbose cache add name=undefined spec="gulp@^3.5.6" args=["gulp@^3.5.6",null]
13 verbose parsed url { protocol: null,
13 verbose parsed url   slashes: null,
13 verbose parsed url   auth: null,
13 verbose parsed url   host: null,
13 verbose parsed url   port: null,
13 verbose parsed url   hostname: null,
13 verbose parsed url   hash: null,
13 verbose parsed url   search: null,
13 verbose parsed url   query: null,
13 verbose parsed url   pathname: 'gulp@^3.5.6',
13 verbose parsed url   path: 'gulp@^3.5.6',
13 verbose parsed url   href: 'gulp@^3.5.6' }
14 verbose cache add [ 'gulp-sass@^1.3.3', null ]
15 verbose cache add name=undefined spec="gulp-sass@^1.3.3" args=["gulp-sass@^1.3.3",null]
16 verbose parsed url { protocol: null,
16 verbose parsed url   slashes: null,
16 verbose parsed url   auth: null,
16 verbose parsed url   host: null,
16 verbose parsed url   port: null,
16 verbose parsed url   hostname: null,
16 verbose parsed url   hash: null,
16 verbose parsed url   search: null,
16 verbose parsed url   query: null,
16 verbose parsed url   pathname: 'gulp-sass@^1.3.3',
16 verbose parsed url   path: 'gulp-sass@^1.3.3',
16 verbose parsed url   href: 'gulp-sass@^1.3.3' }
17 verbose cache add [ 'gulp-concat@^2.2.0', null ]
18 verbose cache add name=undefined spec="gulp-concat@^2.2.0" args=["gulp-concat@^2.2.0",null]
19 verbose parsed url { protocol: null,
19 verbose parsed url   slashes: null,
19 verbose parsed url   auth: null,
19 verbose parsed url   host: null,
19 verbose parsed url   port: null,
19 verbose parsed url   hostname: null,
19 verbose parsed url   hash: null,
19 verbose parsed url   search: null,
19 verbose parsed url   query: null,
19 verbose parsed url   pathname: 'gulp-concat@^2.2.0',
19 verbose parsed url   path: 'gulp-concat@^2.2.0',
19 verbose parsed url   href: 'gulp-concat@^2.2.0' }
20 verbose cache add [ 'gulp-minify-css@^0.3.0', null ]
21 verbose cache add name=undefined spec="gulp-minify-css@^0.3.0" args=["gulp-minify-css@^0.3.0",null]
22 verbose parsed url { protocol: null,
22 verbose parsed url   slashes: null,
22 verbose parsed url   auth: null,
22 verbose parsed url   host: null,
22 verbose parsed url   port: null,
22 verbose parsed url   hostname: null,
22 verbose parsed url   hash: null,
22 verbose parsed url   search: null,
22 verbose parsed url   query: null,
22 verbose parsed url   pathname: 'gulp-minify-css@^0.3.0',
22 verbose parsed url   path: 'gulp-minify-css@^0.3.0',
22 verbose parsed url   href: 'gulp-minify-css@^0.3.0' }
23 verbose cache add name="gulp" spec="^3.5.6" args=["gulp","^3.5.6"]
24 verbose parsed url { protocol: null,
24 verbose parsed url   slashes: null,
24 verbose parsed url   auth: null,
24 verbose parsed url   host: null,
24 verbose parsed url   port: null,
24 verbose parsed url   hostname: null,
24 verbose parsed url   hash: null,
24 verbose parsed url   search: null,
24 verbose parsed url   query: null,
24 verbose parsed url   pathname: '^3.5.6',
24 verbose parsed url   path: '^3.5.6',
24 verbose parsed url   href: '^3.5.6' }
25 verbose addNamed [ 'gulp', '^3.5.6' ]
26 verbose addNamed [ null, '>=3.5.6-0 <4.0.0-0' ]
27 verbose cache add name="gulp-sass" spec="^1.3.3" args=["gulp-sass","^1.3.3"]
28 verbose parsed url { protocol: null,
28 verbose parsed url   slashes: null,
28 verbose parsed url   auth: null,
28 verbose parsed url   host: null,
28 verbose parsed url   port: null,
28 verbose parsed url   hostname: null,
28 verbose parsed url   hash: null,
28 verbose parsed url   search: null,
28 verbose parsed url   query: null,
28 verbose parsed url   pathname: '^1.3.3',
28 verbose parsed url   path: '^1.3.3',
28 verbose parsed url   href: '^1.3.3' }
29 verbose addNamed [ 'gulp-sass', '^1.3.3' ]
30 verbose addNamed [ null, '>=1.3.3-0 <2.0.0-0' ]
31 verbose cache add name="gulp-concat" spec="^2.2.0" args=["gulp-concat","^2.2.0"]
32 verbose parsed url { protocol: null,
32 verbose parsed url   slashes: null,
32 verbose parsed url   auth: null,
32 verbose parsed url   host: null,
32 verbose parsed url   port: null,
32 verbose parsed url   hostname: null,
32 verbose parsed url   hash: null,
32 verbose parsed url   search: null,
32 verbose parsed url   query: null,
32 verbose parsed url   pathname: '^2.2.0',
32 verbose parsed url   path: '^2.2.0',
32 verbose parsed url   href: '^2.2.0' }
33 verbose addNamed [ 'gulp-concat', '^2.2.0' ]
34 verbose addNamed [ null, '>=2.2.0-0 <3.0.0-0' ]
35 verbose cache add [ 'gulp-rename@^1.2.0', null ]
36 verbose cache add name=undefined spec="gulp-rename@^1.2.0" args=["gulp-rename@^1.2.0",null]
37 verbose parsed url { protocol: null,
37 verbose parsed url   slashes: null,
37 verbose parsed url   auth: null,
37 verbose parsed url   host: null,
37 verbose parsed url   port: null,
37 verbose parsed url   hostname: null,
37 verbose parsed url   hash: null,
37 verbose parsed url   search: null,
37 verbose parsed url   query: null,
37 verbose parsed url   pathname: 'gulp-rename@^1.2.0',
37 verbose parsed url   path: 'gulp-rename@^1.2.0',
37 verbose parsed url   href: 'gulp-rename@^1.2.0' }
38 verbose cache add [ 'q@^1.3.0', null ]
39 verbose cache add name=undefined spec="q@^1.3.0" args=["q@^1.3.0",null]
40 verbose parsed url { protocol: null,
40 verbose parsed url   slashes: null,
40 verbose parsed url   auth: null,
40 verbose parsed url   host: null,
40 verbose parsed url   port: null,
40 verbose parsed url   hostname: null,
40 verbose parsed url   hash: null,
40 verbose parsed url   search: null,
40 verbose parsed url   query: null,
40 verbose parsed url   pathname: 'q@^1.3.0',
40 verbose parsed url   path: 'q@^1.3.0',
40 verbose parsed url   href: 'q@^1.3.0' }
41 verbose cache add [ 'bower@^1.3.3', null ]
42 verbose cache add name=undefined spec="bower@^1.3.3" args=["bower@^1.3.3",null]
43 verbose parsed url { protocol: null,
43 verbose parsed url   slashes: null,
43 verbose parsed url   auth: null,
43 verbose parsed url   host: null,
43 verbose parsed url   port: null,
43 verbose parsed url   hostname: null,
43 verbose parsed url   hash: null,
43 verbose parsed url   search: null,
43 verbose parsed url   query: null,
43 verbose parsed url   pathname: 'bower@^1.3.3',
43 verbose parsed url   path: 'bower@^1.3.3',
43 verbose parsed url   href: 'bower@^1.3.3' }
44 verbose cache add name="gulp-minify-css" spec="^0.3.0" args=["gulp-minify-css","^0.3.0"]
45 verbose parsed url { protocol: null,
45 verbose parsed url   slashes: null,
45 verbose parsed url   auth: null,
45 verbose parsed url   host: null,
45 verbose parsed url   port: null,
45 verbose parsed url   hostname: null,
45 verbose parsed url   hash: null,
45 verbose parsed url   search: null,
45 verbose parsed url   query: null,
45 verbose parsed url   pathname: '^0.3.0',
45 verbose parsed url   path: '^0.3.0',
45 verbose parsed url   href: '^0.3.0' }
46 verbose addNamed [ 'gulp-minify-css', '^0.3.0' ]
47 verbose addNamed [ null, '>=0.3.0-0 <0.4.0-0' ]
48 silly lockFile 28ac0b1b-gulp-3-5-6 gulp@^3.5.6
49 verbose lock gulp@^3.5.6 /home/marcello/.npm/28ac0b1b-gulp-3-5-6.lock
50 silly lockFile c5cae820-gulp-sass-1-3-3 gulp-sass@^1.3.3
51 verbose lock gulp-sass@^1.3.3 /home/marcello/.npm/c5cae820-gulp-sass-1-3-3.lock
52 silly lockFile bade1119-gulp-concat-2-2-0 gulp-concat@^2.2.0
53 verbose lock gulp-concat@^2.2.0 /home/marcello/.npm/bade1119-gulp-concat-2-2-0.lock
54 silly lockFile 97140670-gulp-minify-css-0-3-0 gulp-minify-css@^0.3.0
55 verbose lock gulp-minify-css@^0.3.0 /home/marcello/.npm/97140670-gulp-minify-css-0-3-0.lock
56 verbose cache add name="gulp-rename" spec="^1.2.0" args=["gulp-rename","^1.2.0"]
57 verbose parsed url { protocol: null,
57 verbose parsed url   slashes: null,
57 verbose parsed url   auth: null,
57 verbose parsed url   host: null,
57 verbose parsed url   port: null,
57 verbose parsed url   hostname: null,
57 verbose parsed url   hash: null,
57 verbose parsed url   search: null,
57 verbose parsed url   query: null,
57 verbose parsed url   pathname: '^1.2.0',
57 verbose parsed url   path: '^1.2.0',
57 verbose parsed url   href: '^1.2.0' }
58 verbose addNamed [ 'gulp-rename', '^1.2.0' ]
59 verbose addNamed [ null, '>=1.2.0-0 <2.0.0-0' ]
60 silly lockFile 31cef36d-gulp-rename-1-2-0 gulp-rename@^1.2.0
61 verbose lock gulp-rename@^1.2.0 /home/marcello/.npm/31cef36d-gulp-rename-1-2-0.lock
62 verbose cache add name="q" spec="^1.3.0" args=["q","^1.3.0"]
63 verbose parsed url { protocol: null,
63 verbose parsed url   slashes: null,
63 verbose parsed url   auth: null,
63 verbose parsed url   host: null,
63 verbose parsed url   port: null,
63 verbose parsed url   hostname: null,
63 verbose parsed url   hash: null,
63 verbose parsed url   search: null,
63 verbose parsed url   query: null,
63 verbose parsed url   pathname: '^1.3.0',
63 verbose parsed url   path: '^1.3.0',
63 verbose parsed url   href: '^1.3.0' }
64 verbose addNamed [ 'q', '^1.3.0' ]
65 verbose addNamed [ null, '>=1.3.0-0 <2.0.0-0' ]
66 silly lockFile db50e148-q-1-3-0 q@^1.3.0
67 verbose lock q@^1.3.0 /home/marcello/.npm/db50e148-q-1-3-0.lock
68 verbose cache add [ 'gulp-util@^2.2.14', null ]
69 verbose cache add name=undefined spec="gulp-util@^2.2.14" args=["gulp-util@^2.2.14",null]
70 verbose parsed url { protocol: null,
70 verbose parsed url   slashes: null,
70 verbose parsed url   auth: null,
70 verbose parsed url   host: null,
70 verbose parsed url   port: null,
70 verbose parsed url   hostname: null,
70 verbose parsed url   hash: null,
70 verbose parsed url   search: null,
70 verbose parsed url   query: null,
70 verbose parsed url   pathname: 'gulp-util@^2.2.14',
70 verbose parsed url   path: 'gulp-util@^2.2.14',
70 verbose parsed url   href: 'gulp-util@^2.2.14' }
71 verbose cache add [ 'shelljs@^0.3.0', null ]
72 verbose cache add name=undefined spec="shelljs@^0.3.0" args=["shelljs@^0.3.0",null]
73 verbose parsed url { protocol: null,
73 verbose parsed url   slashes: null,
73 verbose parsed url   auth: null,
73 verbose parsed url   host: null,
73 verbose parsed url   port: null,
73 verbose parsed url   hostname: null,
73 verbose parsed url   hash: null,
73 verbose parsed url   search: null,
73 verbose parsed url   query: null,
73 verbose parsed url   pathname: 'shelljs@^0.3.0',
73 verbose parsed url   path: 'shelljs@^0.3.0',
73 verbose parsed url   href: 'shelljs@^0.3.0' }
74 verbose cache add name="bower" spec="^1.3.3" args=["bower","^1.3.3"]
75 verbose parsed url { protocol: null,
75 verbose parsed url   slashes: null,
75 verbose parsed url   auth: null,
75 verbose parsed url   host: null,
75 verbose parsed url   port: null,
75 verbose parsed url   hostname: null,
75 verbose parsed url   hash: null,
75 verbose parsed url   search: null,
75 verbose parsed url   query: null,
75 verbose parsed url   pathname: '^1.3.3',
75 verbose parsed url   path: '^1.3.3',
75 verbose parsed url   href: '^1.3.3' }
76 verbose addNamed [ 'bower', '^1.3.3' ]
77 verbose addNamed [ null, '>=1.3.3-0 <2.0.0-0' ]
78 silly lockFile 0aa5c27e-bower-1-3-3 bower@^1.3.3
79 verbose lock bower@^1.3.3 /home/marcello/.npm/0aa5c27e-bower-1-3-3.lock
80 verbose cache add name="gulp-util" spec="^2.2.14" args=["gulp-util","^2.2.14"]
81 verbose parsed url { protocol: null,
81 verbose parsed url   slashes: null,
81 verbose parsed url   auth: null,
81 verbose parsed url   host: null,
81 verbose parsed url   port: null,
81 verbose parsed url   hostname: null,
81 verbose parsed url   hash: null,
81 verbose parsed url   search: null,
81 verbose parsed url   query: null,
81 verbose parsed url   pathname: '^2.2.14',
81 verbose parsed url   path: '^2.2.14',
81 verbose parsed url   href: '^2.2.14' }
82 verbose addNamed [ 'gulp-util', '^2.2.14' ]
83 verbose addNamed [ null, '>=2.2.14-0 <3.0.0-0' ]
84 silly lockFile e3e5f16b-gulp-util-2-2-14 gulp-util@^2.2.14
85 verbose lock gulp-util@^2.2.14 /home/marcello/.npm/e3e5f16b-gulp-util-2-2-14.lock
86 verbose cache add name="shelljs" spec="^0.3.0" args=["shelljs","^0.3.0"]
87 verbose parsed url { protocol: null,
87 verbose parsed url   slashes: null,
87 verbose parsed url   auth: null,
87 verbose parsed url   host: null,
87 verbose parsed url   port: null,
87 verbose parsed url   hostname: null,
87 verbose parsed url   hash: null,
87 verbose parsed url   search: null,
87 verbose parsed url   query: null,
87 verbose parsed url   pathname: '^0.3.0',
87 verbose parsed url   path: '^0.3.0',
87 verbose parsed url   href: '^0.3.0' }
88 verbose addNamed [ 'shelljs', '^0.3.0' ]
89 verbose addNamed [ null, '>=0.3.0-0 <0.4.0-0' ]
90 silly lockFile 1ddaa962-shelljs-0-3-0 shelljs@^0.3.0
91 verbose lock shelljs@^0.3.0 /home/marcello/.npm/1ddaa962-shelljs-0-3-0.lock
92 silly addNameRange { name: 'gulp', range: '>=3.5.6-0 <4.0.0-0', hasData: false }
93 silly addNameRange { name: 'gulp-sass',
93 silly addNameRange   range: '>=1.3.3-0 <2.0.0-0',
93 silly addNameRange   hasData: false }
94 silly addNameRange { name: 'gulp-concat',
94 silly addNameRange   range: '>=2.2.0-0 <3.0.0-0',
94 silly addNameRange   hasData: false }
95 silly addNameRange { name: 'gulp-minify-css',
95 silly addNameRange   range: '>=0.3.0-0 <0.4.0-0',
95 silly addNameRange   hasData: false }
96 silly addNameRange { name: 'gulp-rename',
96 silly addNameRange   range: '>=1.2.0-0 <2.0.0-0',
96 silly addNameRange   hasData: false }
97 silly addNameRange { name: 'q', range: '>=1.3.0-0 <2.0.0-0', hasData: false }
98 silly addNameRange { name: 'bower', range: '>=1.3.3-0 <2.0.0-0', hasData: false }
99 verbose request where is /gulp
100 verbose request registry https://registry.npmjs.org/
101 verbose request id fc4323e4b1a84535
102 verbose url raw /gulp
103 verbose url resolving [ 'https://registry.npmjs.org/', './gulp' ]
104 verbose url resolved https://registry.npmjs.org/gulp
105 verbose request where is https://registry.npmjs.org/gulp
106 info trying registry request attempt 1 at 15:33:17
107 http GET https://registry.npmjs.org/gulp
108 verbose request where is /gulp-sass
109 verbose request registry https://registry.npmjs.org/
110 verbose url raw /gulp-sass
111 verbose url resolving [ 'https://registry.npmjs.org/', './gulp-sass' ]
112 verbose url resolved https://registry.npmjs.org/gulp-sass
113 verbose request where is https://registry.npmjs.org/gulp-sass
114 info trying registry request attempt 1 at 15:33:17
115 http GET https://registry.npmjs.org/gulp-sass
116 verbose request where is /gulp-concat
117 verbose request registry https://registry.npmjs.org/
118 verbose url raw /gulp-concat
119 verbose url resolving [ 'https://registry.npmjs.org/', './gulp-concat' ]
120 verbose url resolved https://registry.npmjs.org/gulp-concat
121 verbose request where is https://registry.npmjs.org/gulp-concat
122 info trying registry request attempt 1 at 15:33:17
123 http GET https://registry.npmjs.org/gulp-concat
124 verbose request where is /gulp-minify-css
125 verbose request registry https://registry.npmjs.org/
126 verbose url raw /gulp-minify-css
127 verbose url resolving [ 'https://registry.npmjs.org/', './gulp-minify-css' ]
128 verbose url resolved https://registry.npmjs.org/gulp-minify-css
129 verbose request where is https://registry.npmjs.org/gulp-minify-css
130 info trying registry request attempt 1 at 15:33:17
131 http GET https://registry.npmjs.org/gulp-minify-css
132 verbose request where is /gulp-rename
133 verbose request registry https://registry.npmjs.org/
134 verbose url raw /gulp-rename
135 verbose url resolving [ 'https://registry.npmjs.org/', './gulp-rename' ]
136 verbose url resolved https://registry.npmjs.org/gulp-rename
137 verbose request where is https://registry.npmjs.org/gulp-rename
138 info trying registry request attempt 1 at 15:33:17
139 http GET https://registry.npmjs.org/gulp-rename
140 silly addNameRange { name: 'gulp-util',
140 silly addNameRange   range: '>=2.2.14-0 <3.0.0-0',
140 silly addNameRange   hasData: false }
141 silly addNameRange { name: 'shelljs', range: '>=0.3.0-0 <0.4.0-0', hasData: false }
142 verbose request where is /gulp-util
143 verbose request registry https://registry.npmjs.org/
144 verbose url raw /gulp-util
145 verbose url resolving [ 'https://registry.npmjs.org/', './gulp-util' ]
146 verbose url resolved https://registry.npmjs.org/gulp-util
147 verbose request where is https://registry.npmjs.org/gulp-util
148 info trying registry request attempt 1 at 15:33:17
149 http GET https://registry.npmjs.org/gulp-util
150 verbose request where is /q
151 verbose request registry https://registry.npmjs.org/
152 verbose url raw /q
153 verbose url resolving [ 'https://registry.npmjs.org/', './q' ]
154 verbose url resolved https://registry.npmjs.org/q
155 verbose request where is https://registry.npmjs.org/q
156 info trying registry request attempt 1 at 15:33:18
157 verbose etag "3ZBAXS3EAUX85MV0MUCKV7PF7"
158 http GET https://registry.npmjs.org/q
159 verbose request where is /bower
160 verbose request registry https://registry.npmjs.org/
161 verbose url raw /bower
162 verbose url resolving [ 'https://registry.npmjs.org/', './bower' ]
163 verbose url resolved https://registry.npmjs.org/bower
164 verbose request where is https://registry.npmjs.org/bower
165 info trying registry request attempt 1 at 15:33:18
166 verbose etag "7R9FZWXTT6ODL83S51HDX9FJ7"
167 http GET https://registry.npmjs.org/bower
168 verbose request where is /shelljs
169 verbose request registry https://registry.npmjs.org/
170 verbose url raw /shelljs
171 verbose url resolving [ 'https://registry.npmjs.org/', './shelljs' ]
172 verbose url resolved https://registry.npmjs.org/shelljs
173 verbose request where is https://registry.npmjs.org/shelljs
174 info trying registry request attempt 1 at 15:33:18
175 verbose etag "3KZB9QQSSX1I2BIY3HOVX0HLQ"
176 http GET https://registry.npmjs.org/shelljs
177 http 200 https://registry.npmjs.org/gulp-rename
178 silly registry.get cb [ 200,
178 silly registry.get   { server: 'CouchDB/1.5.0 (Erlang OTP/R16B03)',
178 silly registry.get     etag: '"6PN1QCSDF8MTPTH1BGQJGCMDE"',
178 silly registry.get     'content-type': 'application/json',
178 silly registry.get     'cache-control': 'max-age=60',
178 silly registry.get     'content-length': '11985',
178 silly registry.get     'accept-ranges': 'bytes',
178 silly registry.get     date: 'Sat, 02 May 2015 18:33:18 GMT',
178 silly registry.get     via: '1.1 varnish',
178 silly registry.get     age: '25',
178 silly registry.get     connection: 'keep-alive',
178 silly registry.get     'x-served-by': 'cache-iad2127-IAD',
178 silly registry.get     'x-cache': 'HIT',
178 silly registry.get     'x-cache-hits': '1',
178 silly registry.get     'x-timer': 'S1430591598.526047,VS0,VE0',
178 silly registry.get     vary: 'Accept' } ]
179 silly addNameRange number 2 { name: 'gulp-rename',
179 silly addNameRange   range: '>=1.2.0-0 <2.0.0-0',
179 silly addNameRange   hasData: true }
180 silly addNameRange versions [ 'gulp-rename',
180 silly addNameRange   [ '0.1.0', '0.2.1', '0.2.2', '1.0.0', '1.1.0', '1.2.0', '1.2.2' ] ]
181 verbose addNamed [ 'gulp-rename', '1.2.2' ]
182 verbose addNamed [ '1.2.2', '1.2.2' ]
183 silly lockFile 36a270fc-gulp-rename-1-2-2 gulp-rename@1.2.2
184 verbose lock gulp-rename@1.2.2 /home/marcello/.npm/36a270fc-gulp-rename-1-2-2.lock
185 silly lockFile 12c1b996-ulp-rename-gulp-rename-1-2-2-tgz https://registry.npmjs.org/gulp-rename/-/gulp-rename-1.2.2.tgz
186 verbose lock https://registry.npmjs.org/gulp-rename/-/gulp-rename-1.2.2.tgz /home/marcello/.npm/12c1b996-ulp-rename-gulp-rename-1-2-2-tgz.lock
187 verbose addRemoteTarball [ 'https://registry.npmjs.org/gulp-rename/-/gulp-rename-1.2.2.tgz',
187 verbose addRemoteTarball   '3ad4428763f05e2764dec1c67d868db275687817' ]
188 info retry fetch attempt 1 at 15:33:18
189 verbose fetch to= /tmp/npm-22809-r1GbnFKe/registry.npmjs.org/gulp-rename/-/gulp-rename-1.2.2.tgz
190 http GET https://registry.npmjs.org/gulp-rename/-/gulp-rename-1.2.2.tgz
191 http 200 https://registry.npmjs.org/gulp-sass
192 silly registry.get cb [ 200,
192 silly registry.get   { server: 'CouchDB/1.5.0 (Erlang OTP/R16B03)',
192 silly registry.get     etag: '"2G4333XR7JJQO7HTTSF0Y56MD"',
192 silly registry.get     'content-type': 'application/json',
192 silly registry.get     'cache-control': 'max-age=60',
192 silly registry.get     'content-length': '33427',
192 silly registry.get     'accept-ranges': 'bytes',
192 silly registry.get     date: 'Sat, 02 May 2015 18:33:18 GMT',
192 silly registry.get     via: '1.1 varnish',
192 silly registry.get     age: '0',
192 silly registry.get     connection: 'keep-alive',
192 silly registry.get     'x-served-by': 'cache-jfk1021-JFK',
192 silly registry.get     'x-cache': 'HIT',
192 silly registry.get     'x-cache-hits': '1',
192 silly registry.get     'x-timer': 'S1430591598.368067,VS0,VE78',
192 silly registry.get     vary: 'Accept' } ]
193 silly addNameRange number 2 { name: 'gulp-sass', range: '>=1.3.3-0 <2.0.0-0', hasData: true }
194 silly addNameRange versions [ 'gulp-sass',
194 silly addNameRange   [ '0.1.0',
194 silly addNameRange     '0.2.1',
194 silly addNameRange     '0.2.2',
194 silly addNameRange     '0.2.3',
194 silly addNameRange     '0.3.0',
194 silly addNameRange     '0.4.0',
194 silly addNameRange     '0.4.1',
194 silly addNameRange     '0.5.0',
194 silly addNameRange     '0.5.1',
194 silly addNameRange     '0.5.2',
194 silly addNameRange     '0.6.0',
194 silly addNameRange     '0.7.0',
194 silly addNameRange     '0.7.1',
194 silly addNameRange     '0.7.2',
194 silly addNameRange     '0.7.3',
194 silly addNameRange     '1.0.0',
194 silly addNameRange     '1.1.0',
194 silly addNameRange     '1.2.0',
194 silly addNameRange     '1.2.1',
194 silly addNameRange     '1.2.2',
194 silly addNameRange     '1.2.3',
194 silly addNameRange     '1.2.4',
194 silly addNameRange     '1.3.0',
194 silly addNameRange     '1.3.1',
194 silly addNameRange     '1.3.2',
194 silly addNameRange     '1.3.3',
194 silly addNameRange     '2.0.0-alpha.1' ] ]
195 verbose addNamed [ 'gulp-sass', '1.3.3' ]
196 verbose addNamed [ '1.3.3', '1.3.3' ]
197 silly lockFile bd3023a4-gulp-sass-1-3-3 gulp-sass@1.3.3
198 verbose lock gulp-sass@1.3.3 /home/marcello/.npm/bd3023a4-gulp-sass-1-3-3.lock
199 silly lockFile 9876ba90-rg-gulp-sass-gulp-sass-1-3-3-tgz https://registry.npmjs.org/gulp-sass/-/gulp-sass-1.3.3.tgz
200 verbose lock https://registry.npmjs.org/gulp-sass/-/gulp-sass-1.3.3.tgz /home/marcello/.npm/9876ba90-rg-gulp-sass-gulp-sass-1-3-3-tgz.lock
201 verbose addRemoteTarball [ 'https://registry.npmjs.org/gulp-sass/-/gulp-sass-1.3.3.tgz',
201 verbose addRemoteTarball   '66da87646bbfd299988c8ebbe94cefaff50e5662' ]
202 info retry fetch attempt 1 at 15:33:18
203 verbose fetch to= /tmp/npm-22809-r1GbnFKe/registry.npmjs.org/gulp-sass/-/gulp-sass-1.3.3.tgz
204 http GET https://registry.npmjs.org/gulp-sass/-/gulp-sass-1.3.3.tgz
205 http 200 https://registry.npmjs.org/gulp-concat
206 silly registry.get cb [ 200,
206 silly registry.get   { server: 'CouchDB/1.5.0 (Erlang OTP/R16B03)',
206 silly registry.get     etag: '"9H4YGNS3SRVXSNX59BQTYFRPK"',
206 silly registry.get     'content-type': 'application/json',
206 silly registry.get     'cache-control': 'max-age=60',
206 silly registry.get     'content-length': '34882',
206 silly registry.get     'accept-ranges': 'bytes',
206 silly registry.get     date: 'Sat, 02 May 2015 18:33:18 GMT',
206 silly registry.get     via: '1.1 varnish',
206 silly registry.get     age: '25',
206 silly registry.get     connection: 'keep-alive',
206 silly registry.get     'x-served-by': 'cache-iad2126-IAD',
206 silly registry.get     'x-cache': 'HIT',
206 silly registry.get     'x-cache-hits': '14',
206 silly registry.get     'x-timer': 'S1430591598.411901,VS0,VE0',
206 silly registry.get     vary: 'Accept' } ]
207 silly addNameRange number 2 { name: 'gulp-concat',
207 silly addNameRange   range: '>=2.2.0-0 <3.0.0-0',
207 silly addNameRange   hasData: true }
208 silly addNameRange versions [ 'gulp-concat',
208 silly addNameRange   [ '0.0.1',
208 silly addNameRange     '1.0.0',
208 silly addNameRange     '1.1.0',
208 silly addNameRange     '2.0.0',
208 silly addNameRange     '2.1.0',
208 silly addNameRange     '2.1.1',
208 silly addNameRange     '2.1.2',
208 silly addNameRange     '2.1.3',
208 silly addNameRange     '2.1.4',
208 silly addNameRange     '2.1.5',
208 silly addNameRange     '2.1.6',
208 silly addNameRange     '2.1.7',
208 silly addNameRange     '2.2.0',
208 silly addNameRange     '2.3.0',
208 silly addNameRange     '2.3.3',
208 silly addNameRange     '2.3.4',
208 silly addNameRange     '2.3.5',
208 silly addNameRange     '2.4.0',
208 silly addNameRange     '2.4.1',
208 silly addNameRange     '2.4.2',
208 silly addNameRange     '2.4.3',
208 silly addNameRange     '2.5.0',
208 silly addNameRange     '2.5.1',
208 silly addNameRange     '2.5.2' ] ]
209 verbose addNamed [ 'gulp-concat', '2.5.2' ]
210 verbose addNamed [ '2.5.2', '2.5.2' ]
211 silly lockFile f86cbda2-gulp-concat-2-5-2 gulp-concat@2.5.2
212 verbose lock gulp-concat@2.5.2 /home/marcello/.npm/f86cbda2-gulp-concat-2-5-2.lock
213 silly lockFile 2b63d021-ulp-concat-gulp-concat-2-5-2-tgz https://registry.npmjs.org/gulp-concat/-/gulp-concat-2.5.2.tgz
214 verbose lock https://registry.npmjs.org/gulp-concat/-/gulp-concat-2.5.2.tgz /home/marcello/.npm/2b63d021-ulp-concat-gulp-concat-2-5-2-tgz.lock
215 verbose addRemoteTarball [ 'https://registry.npmjs.org/gulp-concat/-/gulp-concat-2.5.2.tgz',
215 verbose addRemoteTarball   'd644372cdc2b3cdb421a8a941c8d74e21d815f14' ]
216 info retry fetch attempt 1 at 15:33:18
217 verbose fetch to= /tmp/npm-22809-r1GbnFKe/registry.npmjs.org/gulp-concat/-/gulp-concat-2.5.2.tgz
218 http GET https://registry.npmjs.org/gulp-concat/-/gulp-concat-2.5.2.tgz
219 http 200 https://registry.npmjs.org/gulp-minify-css
220 silly registry.get cb [ 200,
220 silly registry.get   { server: 'CouchDB/1.5.0 (Erlang OTP/R16B03)',
220 silly registry.get     etag: '"B12VPQQTI4NOIWLTGIAGXXD14"',
220 silly registry.get     'content-type': 'application/json',
220 silly registry.get     'cache-control': 'max-age=60',
220 silly registry.get     'content-length': '43194',
220 silly registry.get     'accept-ranges': 'bytes',
220 silly registry.get     date: 'Sat, 02 May 2015 18:33:18 GMT',
220 silly registry.get     via: '1.1 varnish',
220 silly registry.get     age: '45',
220 silly registry.get     connection: 'keep-alive',
220 silly registry.get     'x-served-by': 'cache-atl6220-ATL',
220 silly registry.get     'x-cache': 'HIT',
220 silly registry.get     'x-cache-hits': '1',
220 silly registry.get     'x-timer': 'S1430591598.431099,VS0,VE1',
220 silly registry.get     vary: 'Accept' } ]
221 silly addNameRange number 2 { name: 'gulp-minify-css',
221 silly addNameRange   range: '>=0.3.0-0 <0.4.0-0',
221 silly addNameRange   hasData: true }
222 silly addNameRange versions [ 'gulp-minify-css',
222 silly addNameRange   [ '0.0.1',
222 silly addNameRange     '0.1.0',
222 silly addNameRange     '0.2.0',
222 silly addNameRange     '0.3.0',
222 silly addNameRange     '0.3.1',
222 silly addNameRange     '0.3.2',
222 silly addNameRange     '0.3.3',
222 silly addNameRange     '0.3.4',
222 silly addNameRange     '0.3.5',
222 silly addNameRange     '0.3.6',
222 silly addNameRange     '0.3.7',
222 silly addNameRange     '0.3.8',
222 silly addNameRange     '0.3.9',
222 silly addNameRange     '0.3.10',
222 silly addNameRange     '0.3.11',
222 silly addNameRange     '0.3.12',
222 silly addNameRange     '0.3.13',
222 silly addNameRange     '0.4.0',
222 silly addNameRange     '0.4.1',
222 silly addNameRange     '0.4.2',
222 silly addNameRange     '0.4.3',
222 silly addNameRange     '0.4.4',
222 silly addNameRange     '0.4.5',
222 silly addNameRange     '0.4.6',
222 silly addNameRange     '0.5.0',
222 silly addNameRange     '0.5.1',
222 silly addNameRange     '1.0.0',
222 silly addNameRange     '1.1.0' ] ]
223 verbose addNamed [ 'gulp-minify-css', '0.3.13' ]
224 verbose addNamed [ '0.3.13', '0.3.13' ]
225 silly lockFile 9038a954-gulp-minify-css-0-3-13 gulp-minify-css@0.3.13
226 verbose lock gulp-minify-css@0.3.13 /home/marcello/.npm/9038a954-gulp-minify-css-0-3-13.lock
227 silly lockFile 8781e9f5-y-css-gulp-minify-css-0-3-13-tgz https://registry.npmjs.org/gulp-minify-css/-/gulp-minify-css-0.3.13.tgz
228 verbose lock https://registry.npmjs.org/gulp-minify-css/-/gulp-minify-css-0.3.13.tgz /home/marcello/.npm/8781e9f5-y-css-gulp-minify-css-0-3-13-tgz.lock
229 verbose addRemoteTarball [ 'https://registry.npmjs.org/gulp-minify-css/-/gulp-minify-css-0.3.13.tgz',
229 verbose addRemoteTarball   'ba813c665422868305383ccd185f239c1e35209b' ]
230 info retry fetch attempt 1 at 15:33:18
231 verbose fetch to= /tmp/npm-22809-r1GbnFKe/registry.npmjs.org/gulp-minify-css/-/gulp-minify-css-0.3.13.tgz
232 http GET https://registry.npmjs.org/gulp-minify-css/-/gulp-minify-css-0.3.13.tgz
233 http 304 https://registry.npmjs.org/q
234 silly registry.get cb [ 304,
234 silly registry.get   { date: 'Sat, 02 May 2015 18:33:18 GMT',
234 silly registry.get     via: '1.1 varnish',
234 silly registry.get     'last-modified': 'Sat, 02 May 2015 18:33:18 GMT',
234 silly registry.get     'cache-control': 'max-age=60',
234 silly registry.get     etag: '"3ZBAXS3EAUX85MV0MUCKV7PF7"',
234 silly registry.get     age: '4',
234 silly registry.get     connection: 'keep-alive',
234 silly registry.get     'x-served-by': 'cache-jfk1021-JFK',
234 silly registry.get     'x-cache': 'HIT',
234 silly registry.get     'x-cache-hits': '1',
234 silly registry.get     'x-timer': 'S1430591598.760315,VS0,VE1',
234 silly registry.get     vary: 'Accept' } ]
235 verbose etag https://registry.npmjs.org/q from cache
236 silly addNameRange number 2 { name: 'q', range: '>=1.3.0-0 <2.0.0-0', hasData: true }
237 silly addNameRange versions [ 'q',
237 silly addNameRange   [ '0.0.0',
237 silly addNameRange     '0.0.1',
237 silly addNameRange     '0.0.2',
237 silly addNameRange     '0.0.3',
237 silly addNameRange     '0.1.0',
237 silly addNameRange     '0.1.1',
237 silly addNameRange     '0.1.2',
237 silly addNameRange     '0.1.3',
237 silly addNameRange     '0.1.4',
237 silly addNameRange     '0.1.5',
237 silly addNameRange     '0.1.6',
237 silly addNameRange     '0.1.7',
237 silly addNameRange     '0.1.8',
237 silly addNameRange     '0.1.9',
237 silly addNameRange     '0.2.0-rc1',
237 silly addNameRange     '0.2.0',
237 silly addNameRange     '0.2.1',
237 silly addNameRange     '0.2.2',
237 silly addNameRange     '0.2.3',
237 silly addNameRange     '0.2.4',
237 silly addNameRange     '0.2.5',
237 silly addNameRange     '0.2.6',
237 silly addNameRange     '0.2.7',
237 silly addNameRange     '0.2.8',
237 silly addNameRange     '0.2.9',
237 silly addNameRange     '0.3.0',
237 silly addNameRange     '0.2.10',
237 silly addNameRange     '0.4.0',
237 silly addNameRange     '0.4.1',
237 silly addNameRange     '0.4.2',
237 silly addNameRange     '0.4.4',
237 silly addNameRange     '0.5.0',
237 silly addNameRange     '0.5.1',
237 silly addNameRange     '0.5.2',
237 silly addNameRange     '0.5.3',
237 silly addNameRange     '0.6.0',
237 silly addNameRange     '0.7.0',
237 silly addNameRange     '0.7.1',
237 silly addNameRange     '0.7.2',
237 silly addNameRange     '0.8.0',
237 silly addNameRange     '0.8.1',
237 silly addNameRange     '0.8.2',
237 silly addNameRange     '0.8.3',
237 silly addNameRange     '0.8.4',
237 silly addNameRange     '0.8.5',
237 silly addNameRange     '0.8.6',
237 silly addNameRange     '0.8.7',
237 silly addNameRange     '0.8.8',
237 silly addNameRange     '0.8.9',
237 silly addNameRange     '0.8.10',
237 silly addNameRange     '0.8.11',
237 silly addNameRange     '0.8.12',
237 silly addNameRange     '0.9.0',
237 silly addNameRange     '0.9.1',
237 silly addNameRange     '0.9.2',
237 silly addNameRange     '0.9.3',
237 silly addNameRange     '0.9.4',
237 silly addNameRange     '0.9.5',
237 silly addNameRange     '0.9.6',
237 silly addNameRange     '0.9.7',
237 silly addNameRange     '1.0.0',
237 silly addNameRange     '1.0.1',
237 silly addNameRange     '2.0.0',
237 silly addNameRange     '2.0.1',
237 silly addNameRange     '2.0.2',
237 silly addNameRange     '1.1.0',
237 silly addNameRange     '1.1.1',
237 silly addNameRange     '1.1.2',
237 silly addNameRange     '2.0.3',
237 silly addNameRange     '1.2.0',
237 silly addNameRange     '1.2.1',
237 silly addNameRange     '1.3.0' ] ]
238 verbose addNamed [ 'q', '1.3.0' ]
239 verbose addNamed [ '1.3.0', '1.3.0' ]
240 silly lockFile fa1e80a6-q-1-3-0 q@1.3.0
241 verbose lock q@1.3.0 /home/marcello/.npm/fa1e80a6-q-1-3-0.lock
242 silly lockFile fa1e80a6-q-1-3-0 q@1.3.0
243 silly lockFile fa1e80a6-q-1-3-0 q@1.3.0
244 silly lockFile db50e148-q-1-3-0 q@^1.3.0
245 silly lockFile db50e148-q-1-3-0 q@^1.3.0
246 http 304 https://registry.npmjs.org/bower
247 silly registry.get cb [ 304,
247 silly registry.get   { date: 'Sat, 02 May 2015 18:33:18 GMT',
247 silly registry.get     via: '1.1 varnish',
247 silly registry.get     'last-modified': 'Sat, 02 May 2015 18:33:18 GMT',
247 silly registry.get     'cache-control': 'max-age=60',
247 silly registry.get     etag: '"7R9FZWXTT6ODL83S51HDX9FJ7"',
247 silly registry.get     age: '56',
247 silly registry.get     connection: 'keep-alive',
247 silly registry.get     'x-served-by': 'cache-iad2126-IAD',
247 silly registry.get     'x-cache': 'HIT',
247 silly registry.get     'x-cache-hits': '1',
247 silly registry.get     'x-timer': 'S1430591598.819965,VS0,VE0',
247 silly registry.get     vary: 'Accept' } ]
248 verbose etag https://registry.npmjs.org/bower from cache
249 silly addNameRange number 2 { name: 'bower', range: '>=1.3.3-0 <2.0.0-0', hasData: true }
250 silly addNameRange versions [ 'bower',
250 silly addNameRange   [ '0.1.0',
250 silly addNameRange     '0.1.2',
250 silly addNameRange     '0.1.3',
250 silly addNameRange     '0.2.0',
250 silly addNameRange     '0.3.0',
250 silly addNameRange     '0.3.1',
250 silly addNameRange     '0.3.2',
250 silly addNameRange     '0.4.0',
250 silly addNameRange     '0.5.0',
250 silly addNameRange     '0.5.1',
250 silly addNameRange     '0.6.0',
250 silly addNameRange     '0.6.1',
250 silly addNameRange     '0.6.2',
250 silly addNameRange     '0.6.3',
250 silly addNameRange     '0.6.4',
250 silly addNameRange     '0.6.5',
250 silly addNameRange     '0.6.6',
250 silly addNameRange     '0.6.7',
250 silly addNameRange     '0.6.8',
250 silly addNameRange     '0.7.0',
250 silly addNameRange     '0.7.1',
250 silly addNameRange     '0.8.0',
250 silly addNameRange     '0.8.1',
250 silly addNameRange     '0.8.2',
250 silly addNameRange     '0.8.3',
250 silly addNameRange     '0.8.4',
250 silly addNameRange     '0.8.5',
250 silly addNameRange     '0.8.6',
250 silly addNameRange     '0.9.0',
250 silly addNameRange     '0.9.1',
250 silly addNameRange     '0.9.2',
250 silly addNameRange     '0.10.0',
250 silly addNameRange     '1.0.0',
250 silly addNameRange     '1.0.1',
250 silly addNameRange     '1.0.2',
250 silly addNameRange     '1.0.3',
250 silly addNameRange     '1.1.0',
250 silly addNameRange     '1.1.1',
250 silly addNameRange     '1.1.2',
250 silly addNameRange     '1.2.0',
250 silly addNameRange     '1.2.1',
250 silly addNameRange     '1.2.2',
250 silly addNameRange     '1.2.3',
250 silly addNameRange     '1.2.4',
250 silly addNameRange     '1.2.5',
250 silly addNameRange     '1.2.6',
250 silly addNameRange     '1.2.7',
250 silly addNameRange     '1.2.8',
250 silly addNameRange     '1.3.0',
250 silly addNameRange     '1.3.1',
250 silly addNameRange     '1.3.2',
250 silly addNameRange     '1.3.3',
250 silly addNameRange     '1.3.4',
250 silly addNameRange     '1.3.5',
250 silly addNameRange     '1.3.6',
250 silly addNameRange     '1.3.7',
250 silly addNameRange     '1.3.8',
250 silly addNameRange     '1.3.9',
250 silly addNameRange     '1.3.10',
250 silly addNameRange     '1.3.11',
250 silly addNameRange     '1.3.12',
250 silly addNameRange     '1.4.0',
250 silly addNameRange     '1.4.1' ] ]
251 verbose addNamed [ 'bower', '1.4.1' ]
252 verbose addNamed [ '1.4.1', '1.4.1' ]
253 silly lockFile 185f46c0-bower-1-4-1 bower@1.4.1
254 verbose lock bower@1.4.1 /home/marcello/.npm/185f46c0-bower-1-4-1.lock
255 silly lockFile 185f46c0-bower-1-4-1 bower@1.4.1
256 silly lockFile 185f46c0-bower-1-4-1 bower@1.4.1
257 silly lockFile 0aa5c27e-bower-1-3-3 bower@^1.3.3
258 silly lockFile 0aa5c27e-bower-1-3-3 bower@^1.3.3
259 http 304 https://registry.npmjs.org/shelljs
260 silly registry.get cb [ 304,
260 silly registry.get   { date: 'Sat, 02 May 2015 18:33:18 GMT',
260 silly registry.get     via: '1.1 varnish',
260 silly registry.get     'last-modified': 'Sat, 02 May 2015 18:33:18 GMT',
260 silly registry.get     'cache-control': 'max-age=60',
260 silly registry.get     etag: '"3KZB9QQSSX1I2BIY3HOVX0HLQ"',
260 silly registry.get     age: '5',
260 silly registry.get     connection: 'keep-alive',
260 silly registry.get     'x-served-by': 'cache-atl6220-ATL',
260 silly registry.get     'x-cache': 'HIT',
260 silly registry.get     'x-cache-hits': '1',
260 silly registry.get     'x-timer': 'S1430591598.852455,VS0,VE1',
260 silly registry.get     vary: 'Accept' } ]
261 verbose etag https://registry.npmjs.org/shelljs from cache
262 silly addNameRange number 2 { name: 'shelljs', range: '>=0.3.0-0 <0.4.0-0', hasData: true }
263 silly addNameRange versions [ 'shelljs',
263 silly addNameRange   [ '0.0.1',
263 silly addNameRange     '0.0.2',
263 silly addNameRange     '0.0.3',
263 silly addNameRange     '0.0.4',
263 silly addNameRange     '0.0.5',
263 silly addNameRange     '0.0.6',
263 silly addNameRange     '0.0.7',
263 silly addNameRange     '0.0.8',
263 silly addNameRange     '0.0.9',
263 silly addNameRange     '0.1.0',
263 silly addNameRange     '0.1.1',
263 silly addNameRange     '0.1.2',
263 silly addNameRange     '0.1.3',
263 silly addNameRange     '0.1.4',
263 silly addNameRange     '0.2.0',
263 silly addNameRange     '0.2.1',
263 silly addNameRange     '0.2.2',
263 silly addNameRange     '0.2.3',
263 silly addNameRange     '0.2.4',
263 silly addNameRange     '0.2.5',
263 silly addNameRange     '0.2.6',
263 silly addNameRange     '0.3.0',
263 silly addNameRange     '0.4.0',
263 silly addNameRange     '0.0.1-alpha1',
263 silly addNameRange     '0.0.2-pre1',
263 silly addNameRange     '0.0.4-pre1',
263 silly addNameRange     '0.0.5-pre1',
263 silly addNameRange     '0.0.5-pre2',
263 silly addNameRange     '0.0.5-pre3',
263 silly addNameRange     '0.0.5-pre4',
263 silly addNameRange     '0.0.6-pre1',
263 silly addNameRange     '0.0.6-pre2' ] ]
264 verbose addNamed [ 'shelljs', '0.3.0' ]
265 verbose addNamed [ '0.3.0', '0.3.0' ]
266 silly lockFile 7d3918b1-shelljs-0-3-0 shelljs@0.3.0
267 verbose lock shelljs@0.3.0 /home/marcello/.npm/7d3918b1-shelljs-0-3-0.lock
268 silly lockFile 7d3918b1-shelljs-0-3-0 shelljs@0.3.0
269 silly lockFile 7d3918b1-shelljs-0-3-0 shelljs@0.3.0
270 silly lockFile 1ddaa962-shelljs-0-3-0 shelljs@^0.3.0
271 silly lockFile 1ddaa962-shelljs-0-3-0 shelljs@^0.3.0
272 http 200 https://registry.npmjs.org/gulp-util
273 silly registry.get cb [ 200,
273 silly registry.get   { server: 'CouchDB/1.5.0 (Erlang OTP/R16B03)',
273 silly registry.get     etag: '"ATA2OGUSGIOPLXWYG67FUO64Z"',
273 silly registry.get     'content-type': 'application/json',
273 silly registry.get     'cache-control': 'max-age=60',
273 silly registry.get     'content-length': '55280',
273 silly registry.get     'accept-ranges': 'bytes',
273 silly registry.get     date: 'Sat, 02 May 2015 18:33:18 GMT',
273 silly registry.get     via: '1.1 varnish',
273 silly registry.get     age: '46',
273 silly registry.get     connection: 'keep-alive',
273 silly registry.get     'x-served-by': 'cache-iad2127-IAD',
273 silly registry.get     'x-cache': 'HIT',
273 silly registry.get     'x-cache-hits': '2',
273 silly registry.get     'x-timer': 'S1430591598.677144,VS0,VE0',
273 silly registry.get     vary: 'Accept' } ]
274 silly addNameRange number 2 { name: 'gulp-util',
274 silly addNameRange   range: '>=2.2.14-0 <3.0.0-0',
274 silly addNameRange   hasData: true }
275 silly addNameRange versions [ 'gulp-util',
275 silly addNameRange   [ '0.0.1',
275 silly addNameRange     '1.0.0',
275 silly addNameRange     '1.1.0',
275 silly addNameRange     '1.1.1',
275 silly addNameRange     '1.2.0',
275 silly addNameRange     '1.3.0',
275 silly addNameRange     '2.0.0',
275 silly addNameRange     '2.1.1',
275 silly addNameRange     '2.1.2',
275 silly addNameRange     '2.1.3',
275 silly addNameRange     '2.1.4',
275 silly addNameRange     '2.2.0',
275 silly addNameRange     '2.2.1',
275 silly addNameRange     '2.2.2',
275 silly addNameRange     '2.2.3',
275 silly addNameRange     '2.2.5',
275 silly addNameRange     '2.2.6',
275 silly addNameRange     '2.2.7',
275 silly addNameRange     '2.2.8',
275 silly addNameRange     '2.2.9',
275 silly addNameRange     '2.2.10',
275 silly addNameRange     '2.2.11',
275 silly addNameRange     '2.2.12',
275 silly addNameRange     '2.2.13',
275 silly addNameRange     '2.2.14',
275 silly addNameRange     '2.2.15',
275 silly addNameRange     '2.2.16',
275 silly addNameRange     '2.2.17',
275 silly addNameRange     '2.2.18',
275 silly addNameRange     '2.2.19',
275 silly addNameRange     '2.2.20',
275 silly addNameRange     '3.0.0',
275 silly addNameRange     '3.0.1',
275 silly addNameRange     '3.0.2',
275 silly addNameRange     '3.0.3',
275 silly addNameRange     '3.0.4' ] ]
276 verbose addNamed [ 'gulp-util', '2.2.20' ]
277 verbose addNamed [ '2.2.20', '2.2.20' ]
278 silly lockFile 48c194cb-gulp-util-2-2-20 gulp-util@2.2.20
279 verbose lock gulp-util@2.2.20 /home/marcello/.npm/48c194cb-gulp-util-2-2-20.lock
280 http 200 https://registry.npmjs.org/gulp
281 silly registry.get cb [ 200,
281 silly registry.get   { server: 'CouchDB/1.5.0 (Erlang OTP/R16B03)',
281 silly registry.get     etag: '"8NZQMAE16IU1JDEAJ3W76020X"',
281 silly registry.get     'content-type': 'application/json',
281 silly registry.get     'cache-control': 'max-age=60',
281 silly registry.get     'content-length': '101224',
281 silly registry.get     'accept-ranges': 'bytes',
281 silly registry.get     date: 'Sat, 02 May 2015 18:33:18 GMT',
281 silly registry.get     via: '1.1 varnish',
281 silly registry.get     age: '56',
281 silly registry.get     connection: 'keep-alive',
281 silly registry.get     'x-served-by': 'cache-atl6229-ATL',
281 silly registry.get     'x-cache': 'HIT',
281 silly registry.get     'x-cache-hits': '2',
281 silly registry.get     'x-timer': 'S1430591598.411835,VS0,VE0',
281 silly registry.get     vary: 'Accept' } ]
282 silly lockFile 34166e88-g-gulp-util-gulp-util-2-2-20-tgz https://registry.npmjs.org/gulp-util/-/gulp-util-2.2.20.tgz
283 verbose lock https://registry.npmjs.org/gulp-util/-/gulp-util-2.2.20.tgz /home/marcello/.npm/34166e88-g-gulp-util-gulp-util-2-2-20-tgz.lock
284 verbose addRemoteTarball [ 'https://registry.npmjs.org/gulp-util/-/gulp-util-2.2.20.tgz',
284 verbose addRemoteTarball   'd7146e5728910bd8f047a6b0b1e549bc22dbd64c' ]
285 silly addNameRange number 2 { name: 'gulp', range: '>=3.5.6-0 <4.0.0-0', hasData: true }
286 silly addNameRange versions [ 'gulp',
286 silly addNameRange   [ '0.0.1',
286 silly addNameRange     '0.0.2',
286 silly addNameRange     '0.0.3',
286 silly addNameRange     '0.0.4',
286 silly addNameRange     '0.0.5',
286 silly addNameRange     '0.0.7',
286 silly addNameRange     '0.0.8',
286 silly addNameRange     '0.0.9',
286 silly addNameRange     '0.1.0',
286 silly addNameRange     '0.2.0',
286 silly addNameRange     '1.0.0',
286 silly addNameRange     '1.1.0',
286 silly addNameRange     '1.2.0',
286 silly addNameRange     '1.2.1',
286 silly addNameRange     '2.0.0',
286 silly addNameRange     '2.0.1',
286 silly addNameRange     '2.1.0',
286 silly addNameRange     '2.2.0',
286 silly addNameRange     '2.3.0',
286 silly addNameRange     '2.4.0',
286 silly addNameRange     '2.4.1',
286 silly addNameRange     '2.6.0',
286 silly addNameRange     '2.6.1',
286 silly addNameRange     '2.7.0',
286 silly addNameRange     '3.0.0',
286 silly addNameRange     '3.1.1',
286 silly addNameRange     '3.1.2',
286 silly addNameRange     '3.1.3',
286 silly addNameRange     '3.1.4',
286 silly addNameRange     '3.2.0',
286 silly addNameRange     '3.2.1',
286 silly addNameRange     '3.2.2',
286 silly addNameRange     '3.2.3',
286 silly addNameRange     '3.2.4',
286 silly addNameRange     '3.2.5',
286 silly addNameRange     '3.3.0',
286 silly addNameRange     '3.3.1',
286 silly addNameRange     '3.3.2',
286 silly addNameRange     '3.3.4',
286 silly addNameRange     '3.4.0',
286 silly addNameRange     '3.5.0',
286 silly addNameRange     '3.5.1',
286 silly addNameRange     '3.5.2',
286 silly addNameRange     '3.5.5',
286 silly addNameRange     '3.5.6',
286 silly addNameRange     '3.6.0',
286 silly addNameRange     '3.6.1',
286 silly addNameRange     '3.6.2',
286 silly addNameRange     '3.7.0',
286 silly addNameRange     '3.8.0',
286 silly addNameRange     '3.8.1',
286 silly addNameRange     '3.8.2',
286 silly addNameRange     '3.8.3',
286 silly addNameRange     '3.8.4',
286 silly addNameRange     '3.8.5',
286 silly addNameRange     '3.8.6',
286 silly addNameRange     '3.8.7',
286 silly addNameRange     '3.8.8',
286 silly addNameRange     '3.8.9',
286 silly addNameRange     '3.8.10',
286 silly addNameRange     '3.8.11' ] ]
287 verbose addNamed [ 'gulp', '3.8.11' ]
288 verbose addNamed [ '3.8.11', '3.8.11' ]
289 silly lockFile 3d31ec08-gulp-3-8-11 gulp@3.8.11
290 verbose lock gulp@3.8.11 /home/marcello/.npm/3d31ec08-gulp-3-8-11.lock
291 info retry fetch attempt 1 at 15:33:19
292 verbose fetch to= /tmp/npm-22809-r1GbnFKe/registry.npmjs.org/gulp-util/-/gulp-util-2.2.20.tgz
293 http GET https://registry.npmjs.org/gulp-util/-/gulp-util-2.2.20.tgz
294 silly lockFile 2528ddbe-y-npmjs-org-gulp-gulp-3-8-11-tgz https://registry.npmjs.org/gulp/-/gulp-3.8.11.tgz
295 verbose lock https://registry.npmjs.org/gulp/-/gulp-3.8.11.tgz /home/marcello/.npm/2528ddbe-y-npmjs-org-gulp-gulp-3-8-11-tgz.lock
296 verbose addRemoteTarball [ 'https://registry.npmjs.org/gulp/-/gulp-3.8.11.tgz',
296 verbose addRemoteTarball   'd557e0a7283eb4136491969b0497767972f1d28a' ]
297 info retry fetch attempt 1 at 15:33:19
298 verbose fetch to= /tmp/npm-22809-r1GbnFKe/registry.npmjs.org/gulp/-/gulp-3.8.11.tgz
299 http GET https://registry.npmjs.org/gulp/-/gulp-3.8.11.tgz
300 http 200 https://registry.npmjs.org/gulp-rename/-/gulp-rename-1.2.2.tgz
301 silly lockFile 12c1b996-ulp-rename-gulp-rename-1-2-2-tgz https://registry.npmjs.org/gulp-rename/-/gulp-rename-1.2.2.tgz
302 silly lockFile 12c1b996-ulp-rename-gulp-rename-1-2-2-tgz https://registry.npmjs.org/gulp-rename/-/gulp-rename-1.2.2.tgz
303 silly lockFile 36a270fc-gulp-rename-1-2-2 gulp-rename@1.2.2
304 silly lockFile 36a270fc-gulp-rename-1-2-2 gulp-rename@1.2.2
305 silly lockFile 31cef36d-gulp-rename-1-2-0 gulp-rename@^1.2.0
306 silly lockFile 31cef36d-gulp-rename-1-2-0 gulp-rename@^1.2.0
307 http 200 https://registry.npmjs.org/gulp-sass/-/gulp-sass-1.3.3.tgz
308 silly lockFile 9876ba90-rg-gulp-sass-gulp-sass-1-3-3-tgz https://registry.npmjs.org/gulp-sass/-/gulp-sass-1.3.3.tgz
309 silly lockFile 9876ba90-rg-gulp-sass-gulp-sass-1-3-3-tgz https://registry.npmjs.org/gulp-sass/-/gulp-sass-1.3.3.tgz
310 silly lockFile bd3023a4-gulp-sass-1-3-3 gulp-sass@1.3.3
311 silly lockFile bd3023a4-gulp-sass-1-3-3 gulp-sass@1.3.3
312 silly lockFile c5cae820-gulp-sass-1-3-3 gulp-sass@^1.3.3
313 silly lockFile c5cae820-gulp-sass-1-3-3 gulp-sass@^1.3.3
314 http 200 https://registry.npmjs.org/gulp-concat/-/gulp-concat-2.5.2.tgz
315 silly lockFile 2b63d021-ulp-concat-gulp-concat-2-5-2-tgz https://registry.npmjs.org/gulp-concat/-/gulp-concat-2.5.2.tgz
316 silly lockFile 2b63d021-ulp-concat-gulp-concat-2-5-2-tgz https://registry.npmjs.org/gulp-concat/-/gulp-concat-2.5.2.tgz
317 http 200 https://registry.npmjs.org/gulp/-/gulp-3.8.11.tgz
318 silly lockFile f86cbda2-gulp-concat-2-5-2 gulp-concat@2.5.2
319 silly lockFile f86cbda2-gulp-concat-2-5-2 gulp-concat@2.5.2
320 silly lockFile bade1119-gulp-concat-2-2-0 gulp-concat@^2.2.0
321 silly lockFile bade1119-gulp-concat-2-2-0 gulp-concat@^2.2.0
322 silly lockFile 2528ddbe-y-npmjs-org-gulp-gulp-3-8-11-tgz https://registry.npmjs.org/gulp/-/gulp-3.8.11.tgz
323 silly lockFile 2528ddbe-y-npmjs-org-gulp-gulp-3-8-11-tgz https://registry.npmjs.org/gulp/-/gulp-3.8.11.tgz
324 silly lockFile 3d31ec08-gulp-3-8-11 gulp@3.8.11
325 silly lockFile 3d31ec08-gulp-3-8-11 gulp@3.8.11
326 silly lockFile 28ac0b1b-gulp-3-5-6 gulp@^3.5.6
327 silly lockFile 28ac0b1b-gulp-3-5-6 gulp@^3.5.6
328 http 200 https://registry.npmjs.org/gulp-minify-css/-/gulp-minify-css-0.3.13.tgz
329 silly lockFile 8781e9f5-y-css-gulp-minify-css-0-3-13-tgz https://registry.npmjs.org/gulp-minify-css/-/gulp-minify-css-0.3.13.tgz
330 silly lockFile 8781e9f5-y-css-gulp-minify-css-0-3-13-tgz https://registry.npmjs.org/gulp-minify-css/-/gulp-minify-css-0.3.13.tgz
331 silly lockFile 9038a954-gulp-minify-css-0-3-13 gulp-minify-css@0.3.13
332 silly lockFile 9038a954-gulp-minify-css-0-3-13 gulp-minify-css@0.3.13
333 silly lockFile 97140670-gulp-minify-css-0-3-0 gulp-minify-css@^0.3.0
334 silly lockFile 97140670-gulp-minify-css-0-3-0 gulp-minify-css@^0.3.0
335 http 200 https://registry.npmjs.org/gulp-util/-/gulp-util-2.2.20.tgz
336 silly lockFile 34166e88-g-gulp-util-gulp-util-2-2-20-tgz https://registry.npmjs.org/gulp-util/-/gulp-util-2.2.20.tgz
337 silly lockFile 34166e88-g-gulp-util-gulp-util-2-2-20-tgz https://registry.npmjs.org/gulp-util/-/gulp-util-2.2.20.tgz
338 silly lockFile 48c194cb-gulp-util-2-2-20 gulp-util@2.2.20
339 silly lockFile 48c194cb-gulp-util-2-2-20 gulp-util@2.2.20
340 silly lockFile e3e5f16b-gulp-util-2-2-14 gulp-util@^2.2.14
341 silly lockFile e3e5f16b-gulp-util-2-2-14 gulp-util@^2.2.14
342 error Error: EACCES, mkdir '/home/marcello/.npm/gulp/3.8.11'
342 error  { [Error: EACCES, mkdir '/home/marcello/.npm/gulp/3.8.11']
342 error   errno: 3,
342 error   code: 'EACCES',
342 error   path: '/home/marcello/.npm/gulp/3.8.11',
342 error   parent: 'apptreino' }
343 error Please try running this command again as root/Administrator.
344 error System Linux 3.16.0-34-generic
345 error command "/usr/bin/node" "/usr/bin/npm" "install"
346 error cwd /home/marcello/Documents/Projetos/first/apptreino
347 error node -v v0.10.37
348 error npm -v 1.4.28
349 error path /home/marcello/.npm/gulp/3.8.11
350 error code EACCES
351 error errno 3
352 error stack Error: EACCES, mkdir '/home/marcello/.npm/gulp/3.8.11'
353 verbose exit [ 3, true ]
